[debug] [2023-10-15T14:44:47.363Z] ----------------------------------------------------------------------
[debug] [2023-10-15T14:44:47.369Z] Command:       C:\Program Files\nodejs\node.exe C:\Users\khali\AppData\Roaming\npm\node_modules\firebase-tools\lib\bin\firebase.js init
[debug] [2023-10-15T14:44:47.370Z] CLI Version:   12.7.0
[debug] [2023-10-15T14:44:47.371Z] Platform:      win32
[debug] [2023-10-15T14:44:47.371Z] Node Version:  v18.16.1
[debug] [2023-10-15T14:44:47.373Z] Time:          Sun Oct 15 2023 20:14:47 GMT+0530 (India Standard Time)
[debug] [2023-10-15T14:44:47.379Z] ----------------------------------------------------------------------
[debug] 
[debug] [2023-10-15T14:44:47.553Z] > command requires scopes: ["email","openid","https://www.googleapis.com/auth/cloudplatformprojects.readonly","https://www.googleapis.com/auth/firebase","https://www.googleapis.com/auth/cloud-platform"]
[debug] [2023-10-15T14:44:47.554Z] > authorizing via signed-in user (2021.khalid.sayyed@ves.ac.in)
[info] 
     ######## #### ########  ######## ########     ###     ######  ########
     ##        ##  ##     ## ##       ##     ##  ##   ##  ##       ##
     ######    ##  ########  ######   ########  #########  ######  ######
     ##        ##  ##    ##  ##       ##     ## ##     ##       ## ##
     ##       #### ##     ## ######## ########  ##     ##  ######  ########

You're about to initialize a Firebase project in this directory:

  C:\Users\khali\OneDrive\Desktop\Projects\expense-tracker-firebase-react

Before we get started, keep in mind:

  * You are initializing within an existing Firebase project directory

[info] 
=== Project Setup
[info] 
[info] First, let's associate this project directory with a Firebase project.
[info] You can create multiple project aliases by running firebase use --add, 
[info] but for now we'll just set up a default project.
[info] 
[debug] [2023-10-15T14:44:53.031Z] Using project from CLI flag: expense-tracker-d14e8
[debug] [2023-10-15T14:44:53.035Z] >>> [apiv2][query] GET https://firebase.googleapis.com/v1beta1/projects/expense-tracker-d14e8 [none]
[debug] [2023-10-15T14:44:53.703Z] <<< [apiv2][status] GET https://firebase.googleapis.com/v1beta1/projects/expense-tracker-d14e8 403
[debug] [2023-10-15T14:44:53.704Z] <<< [apiv2][body] GET https://firebase.googleapis.com/v1beta1/projects/expense-tracker-d14e8 {"error":{"code":403,"message":"The caller does not have permission","status":"PERMISSION_DENIED"}}
[debug] [2023-10-15T14:44:53.705Z] HTTP Error: 403, The caller does not have permission
[debug] [2023-10-15T14:44:53.706Z] FirebaseError: HTTP Error: 403, The caller does not have permission
    at responseToError (C:\Users\khali\AppData\Roaming\npm\node_modules\firebase-tools\lib\responseToError.js:49:12)
    at RetryOperation._fn (C:\Users\khali\AppData\Roaming\npm\node_modules\firebase-tools\lib\apiv2.js:285:77)
    at process.processTicksAndRejections (node:internal/process/task_queues:95:5)
[error] 
[error] Error: Failed to get Firebase project expense-tracker-d14e8. Please make sure the project exists and your account has permission to access it.
[debug] [2023-10-15T14:46:39.464Z] ----------------------------------------------------------------------
[debug] [2023-10-15T14:46:39.470Z] Command:       C:\Program Files\nodejs\node.exe C:\Users\khali\AppData\Roaming\npm\node_modules\firebase-tools\lib\bin\firebase.js init
[debug] [2023-10-15T14:46:39.471Z] CLI Version:   12.7.0
[debug] [2023-10-15T14:46:39.472Z] Platform:      win32
[debug] [2023-10-15T14:46:39.473Z] Node Version:  v18.16.1
[debug] [2023-10-15T14:46:39.475Z] Time:          Sun Oct 15 2023 20:16:39 GMT+0530 (India Standard Time)
[debug] [2023-10-15T14:46:39.475Z] ----------------------------------------------------------------------
[debug] 
[debug] [2023-10-15T14:46:39.693Z] > command requires scopes: ["email","openid","https://www.googleapis.com/auth/cloudplatformprojects.readonly","https://www.googleapis.com/auth/firebase","https://www.googleapis.com/auth/cloud-platform"]
[debug] [2023-10-15T14:46:39.695Z] > authorizing via signed-in user (2021.khalid.sayyed@ves.ac.in)
[info] 
     ######## #### ########  ######## ########     ###     ######  ########
     ##        ##  ##     ## ##       ##     ##  ##   ##  ##       ##
     ######    ##  ########  ######   ########  #########  ######  ######
     ##        ##  ##    ##  ##       ##     ## ##     ##       ## ##
     ##       #### ##     ## ######## ########  ##     ##  ######  ########

You're about to initialize a Firebase project in this directory:

  C:\Users\khali\OneDrive\Desktop\Projects\expense-tracker-firebase-react

Before we get started, keep in mind:

  * You are initializing within an existing Firebase project directory

[info] 
=== Project Setup
[info] 
[info] First, let's associate this project directory with a Firebase project.
[info] You can create multiple project aliases by running firebase use --add, 
[info] but for now we'll just set up a default project.
[info] 
[debug] [2023-10-15T14:46:45.439Z] Using project from CLI flag: wd-mini-project
[debug] [2023-10-15T14:46:45.443Z] >>> [apiv2][query] GET https://firebase.googleapis.com/v1beta1/projects/wd-mini-project [none]
[debug] [2023-10-15T14:46:46.230Z] <<< [apiv2][status] GET https://firebase.googleapis.com/v1beta1/projects/wd-mini-project 200
[debug] [2023-10-15T14:46:46.230Z] <<< [apiv2][body] GET https://firebase.googleapis.com/v1beta1/projects/wd-mini-project {"projectId":"wd-mini-project","projectNumber":"525844496233","displayName":"wd-mini-project","name":"projects/wd-mini-project","resources":{"hostingSite":"wd-mini-project"},"state":"ACTIVE","etag":"1_73944d85-b46b-4e33-954e-4200ffcd9ae8"}
[info] i  Using project wd-mini-project (wd-mini-project) 
[info] 
=== Hosting Setup
[info] 
[info] Your public directory is the folder (relative to your project directory) that
[info] will contain Hosting assets to be uploaded with firebase deploy. If you
[info] have a build process for your assets, use your build's output directory.
[info] 
[info] i  Skipping write of build/404.html 
[debug] [2023-10-15T14:47:06.705Z] >>> [apiv2][query] GET https://www.gstatic.com/firebasejs/releases.json [none]
[debug] [2023-10-15T14:47:06.838Z] <<< [apiv2][status] GET https://www.gstatic.com/firebasejs/releases.json 200
[debug] [2023-10-15T14:47:06.838Z] <<< [apiv2][body] GET https://www.gstatic.com/firebasejs/releases.json {"current":{"version":"10.5.0","browserURL":"https://www.gstatic.com/firebasejs/10.5.0/firebase.js","packageURL":"https://www.gstatic.com/firebasejs/10.5.0/firebase.tgz"},"live":{"version":"10.5","browserURL":"https://www.gstatic.com/firebasejs/live/10.5/firebase.js","packageURL":"https://www.gstatic.com/firebasejs/live/10.5/firebase.tgz"},"components":{"analytics":"https://www.gstatic.com/firebasejs/10.5.0/firebase-analytics.js","app":"https://www.gstatic.com/firebasejs/10.5.0/firebase-app.js","app-check":"https://www.gstatic.com/firebasejs/10.5.0/firebase-app-check.js","auth":"https://www.gstatic.com/firebasejs/10.5.0/firebase-auth.js","auth/cordova":"https://www.gstatic.com/firebasejs/10.5.0/firebase-auth/cordova.js","functions":"https://www.gstatic.com/firebasejs/10.5.0/firebase-functions.js","firestore":"https://www.gstatic.com/firebasejs/10.5.0/firebase-firestore.js","firestore/lite":"https://www.gstatic.com/firebasejs/10.5.0/firebase-firestore/lite.js","installations":"https://www.gstatic.com/firebasejs/10.5.0/firebase-installations.js","storage":"https://www.gstatic.com/firebasejs/10.5.0/firebase-storage.js","performance":"https://www.gstatic.com/firebasejs/10.5.0/firebase-performance.js","remote-config":"https://www.gstatic.com/firebasejs/10.5.0/firebase-remote-config.js","messaging":"https://www.gstatic.com/firebasejs/10.5.0/firebase-messaging.js","messaging/sw":"https://www.gstatic.com/firebasejs/10.5.0/firebase-messaging/sw.js","database":"https://www.gstatic.com/firebasejs/10.5.0/firebase-database.js","firestore.memory":"https://www.gstatic.com/firebasejs/10.5.0/firebase-firestore.memory.js"}}
[info] i  Skipping write of build/index.html 
[info] 
[info] i  Detected a .git folder at C:\Users\khali\OneDrive\Desktop\Projects\expense-tracker-firebase-react 
[info] i  Authorizing with GitHub to upload your service account to a GitHub repository's secrets store. 
[info] 
[info] Visit this URL on this device to log in:
[info] https://github.com/login/oauth/authorize?client_id=89cf50f02ac6aaed3484&state=793023272&redirect_uri=http%3A%2F%2Flocalhost%3A9005&scope=read%3Auser%20repo%20public_repo
[info] 
[info] Waiting for authentication...
[debug] [2023-10-15T14:48:09.125Z] >>> [apiv2][query] POST https://github.com/login/oauth/access_token [none]
[debug] [2023-10-15T14:48:09.126Z] >>> [apiv2][body] POST https://github.com/login/oauth/access_token [stream]
[debug] [2023-10-15T14:48:09.454Z] <<< [apiv2][status] POST https://github.com/login/oauth/access_token 200
[debug] [2023-10-15T14:48:09.454Z] <<< [apiv2][body] POST https://github.com/login/oauth/access_token {"access_token":"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","token_type":"bearer","scope":"read:user,repo"}
[debug] [2023-10-15T14:48:09.496Z] >>> [apiv2][query] GET https://api.github.com/user [none]
[debug] [2023-10-15T14:48:10.334Z] <<< [apiv2][status] GET https://api.github.com/user 200
[debug] [2023-10-15T14:48:10.334Z] <<< [apiv2][body] GET https://api.github.com/user {"login":"Khalid2093","id":99551407,"node_id":"U_kgDOBe8Irw","avatar_url":"https://avatars.githubusercontent.com/u/99551407?v=4","gravatar_id":"","url":"https://api.github.com/users/Khalid2093","html_url":"https://github.com/Khalid2093","followers_url":"https://api.github.com/users/Khalid2093/followers","following_url":"https://api.github.com/users/Khalid2093/following{/other_user}","gists_url":"https://api.github.com/users/Khalid2093/gists{/gist_id}","starred_url":"https://api.github.com/users/Khalid2093/starred{/owner}{/repo}","subscriptions_url":"https://api.github.com/users/Khalid2093/subscriptions","organizations_url":"https://api.github.com/users/Khalid2093/orgs","repos_url":"https://api.github.com/users/Khalid2093/repos","events_url":"https://api.github.com/users/Khalid2093/events{/privacy}","received_events_url":"https://api.github.com/users/Khalid2093/received_events","type":"User","site_admin":false,"name":null,"company":null,"blog":"","location":null,"email":null,"hireable":null,"bio":null,"twitter_username":null,"public_repos":6,"public_gists":0,"followers":2,"following":2,"created_at":"2022-02-12T16:28:29Z","updated_at":"2023-10-12T13:09:10Z","private_gists":0,"total_private_repos":1,"owned_private_repos":1,"disk_usage":113,"collaborators":0,"two_factor_authentication":false,"plan":{"name":"pro","space":976562499,"collaborators":0,"private_repos":9999}}
[info] 
[info] +  Success! Logged into GitHub as Khalid2093 
[info] 
